Using pre-set license
Built from '2020.3/release' branch; Version is '2020.3.7f1 (dd97f2c94397) revision 14522354'; Using compiler version '192528614'; Build Type 'Release'
OS: 'Windows 10 Pro; OS build 19042.985; Version 2009; 64bit' Language: 'en' Physical Memory: 8067 MB
BatchMode: 1, IsHumanControllingUs: 0, StartBugReporterOnCrash: 0, Is64bit: 1, IsPro: 0

 COMMAND LINE ARGUMENTS:
F:\Unity Engine\2020.3.7f1\Editor\Unity.exe
-adb2
-batchMode
-noUpm
-name
AssetImportWorker1
-projectPath
F:/Unity Stuff/Projects/2D RPG
-logFile
Logs/AssetImportWorker1.log
-srvPort
63265
Successfully changed project path to: F:/Unity Stuff/Projects/2D RPG
F:/Unity Stuff/Projects/2D RPG
Using Asset Import Pipeline V2.
Refreshing native plugins compatible for Editor in 54.96 ms, found 1 plugins.
Preloading 0 native plugins for Editor in 0.00 ms.
Initialize engine version: 2020.3.7f1 (dd97f2c94397)
[Subsystems] Discovering subsystems at path F:/Unity Engine/2020.3.7f1/Editor/Data/Resources/UnitySubsystems
[Subsystems] Discovering subsystems at path F:/Unity Stuff/Projects/2D RPG/Assets
GfxDevice: creating device client; threaded=0
Direct3D:
    Version:  Direct3D 11.0 [level 11.1]
    Renderer: NVIDIA GeForce MX150 (ID=0x1d10)
    Vendor:   
    VRAM:     1983 MB
    Driver:   27.21.14.6663
Initialize mono
Mono path[0] = 'F:/Unity Engine/2020.3.7f1/Editor/Data/Managed'
Mono path[1] = 'F:/Unity Engine/2020.3.7f1/Editor/Data/MonoBleedingEdge/lib/mono/unityjit'
Mono config path = 'F:/Unity Engine/2020.3.7f1/Editor/Data/MonoBleedingEdge/etc'
Using monoOptions --debugger-agent=transport=dt_socket,embedding=1,server=y,suspend=n,address=127.0.0.1:56392
Begin MonoManager ReloadAssembly
Registering precompiled unity dll's ...
Register platform support module: F:/Unity Engine/2020.3.7f1/Editor/Data/PlaybackEngines/WindowsStandaloneSupport/UnityEditor.WindowsStandalone.Extensions.dll
Registered in 0.001746 seconds.
Native extension for WindowsStandalone target not found
Refreshing native plugins compatible for Editor in 72.84 ms, found 1 plugins.
Preloading 0 native plugins for Editor in 0.00 ms.
Mono: successfully reloaded assembly
- Completed reload, in  1.083 seconds
Platform modules already initialized, skipping
Registering precompiled user dll's ...
Registered in 0.001025 seconds.
Begin MonoManager ReloadAssembly
Native extension for WindowsStandalone target not found
Refreshing native plugins compatible for Editor in 69.46 ms, found 1 plugins.
Preloading 0 native plugins for Editor in 0.00 ms.
Mono: successfully reloaded assembly
- Completed reload, in  1.192 seconds
Platform modules already initialized, skipping
========================================================================
Worker process is ready to serve import requests
Launched and connected shader compiler UnityShaderCompiler.exe after 0.25 seconds
Refreshing native plugins compatible for Editor in 0.99 ms, found 1 plugins.
Preloading 0 native plugins for Editor in 0.00 ms.
Unloading 2042 Unused Serialized files (Serialized files now loaded: 0)
System memory in use before: 95.1 MB.
System memory in use after: 95.1 MB.

Unloading 25 unused Assets to reduce memory usage. Loaded Objects now: 2487.
Total: 2.805200 ms (FindLiveObjects: 0.434900 ms CreateObjectMapping: 0.295800 ms MarkObjects: 1.930100 ms  DeleteObjects: 0.142500 ms)

========================================================================
Received Import Request.
  path: Assets/Scripts/Miscellaneous/HeartManager.cs
  artifactKey: Guid(1f007f70e290fe54398b612962faa7a4) Importer(815301076,1909f56bfc062723c751e8b465ee728b)
Start importing Assets/Scripts/Miscellaneous/HeartManager.cs using Guid(1f007f70e290fe54398b612962faa7a4) Importer(815301076,1909f56bfc062723c751e8b465ee728b)  -> (artifact id: 'c8e5d50d33351d91cc43926b7f6f7fbd') in 0.135433 seconds
  Import took 0.182454 seconds .

========================================================================
Received Import Request.
  Time since last request: 0.303974 seconds.
  path: Assets/Scripts/Miscellaneous/HeartManager.cs
  artifactKey: Guid(1f007f70e290fe54398b612962faa7a4) Importer(815301076,1909f56bfc062723c751e8b465ee728b)
Start importing Assets/Scripts/Miscellaneous/HeartManager.cs using Guid(1f007f70e290fe54398b612962faa7a4) Importer(815301076,1909f56bfc062723c751e8b465ee728b)  -> (artifact id: '407bd3c1b56541f1ad976eb8a3dbdb6f') in 0.001840 seconds
  Import took 0.014548 seconds .

========================================================================
Received Import Request.
  Time since last request: 0.080823 seconds.
  path: Assets/Scripts/Miscellaneous/HeartManager.cs
  artifactKey: Guid(1f007f70e290fe54398b612962faa7a4) Importer(815301076,1909f56bfc062723c751e8b465ee728b)
Start importing Assets/Scripts/Miscellaneous/HeartManager.cs using Guid(1f007f70e290fe54398b612962faa7a4) Importer(815301076,1909f56bfc062723c751e8b465ee728b)  -> (artifact id: '407bd3c1b56541f1ad976eb8a3dbdb6f') in 0.004132 seconds
  Import took 0.019577 seconds .

========================================================================
Received Prepare
Registering precompiled user dll's ...
Registered in 0.000961 seconds.
Begin MonoManager ReloadAssembly
Native extension for WindowsStandalone target not found
Refreshing native plugins compatible for Editor in 0.73 ms, found 1 plugins.
Preloading 0 native plugins for Editor in 0.00 ms.
Mono: successfully reloaded assembly
- Completed reload, in  1.189 seconds
Platform modules already initialized, skipping
Refreshing native plugins compatible for Editor in 0.92 ms, found 1 plugins.
Preloading 0 native plugins for Editor in 0.00 ms.
Unloading 2021 Unused Serialized files (Serialized files now loaded: 0)
System memory in use before: 93.6 MB.
System memory in use after: 93.6 MB.

Unloading 13 unused Assets to reduce memory usage. Loaded Objects now: 2491.
Total: 4.571400 ms (FindLiveObjects: 0.374900 ms CreateObjectMapping: 0.181800 ms MarkObjects: 3.772900 ms  DeleteObjects: 0.240000 ms)

========================================================================
Received Prepare
Registering precompiled user dll's ...
Registered in 0.041850 seconds.
Begin MonoManager ReloadAssembly
Native extension for WindowsStandalone target not found
Refreshing native plugins compatible for Editor in 0.52 ms, found 1 plugins.
Preloading 0 native plugins for Editor in 0.00 ms.
Mono: successfully reloaded assembly
- Completed reload, in  1.073 seconds
Platform modules already initialized, skipping
Refreshing native plugins compatible for Editor in 0.70 ms, found 1 plugins.
Preloading 0 native plugins for Editor in 0.00 ms.
Unloading 2021 Unused Serialized files (Serialized files now loaded: 0)
System memory in use before: 93.6 MB.
System memory in use after: 93.6 MB.

Unloading 13 unused Assets to reduce memory usage. Loaded Objects now: 2495.
Total: 2.444900 ms (FindLiveObjects: 0.247400 ms CreateObjectMapping: 0.080500 ms MarkObjects: 1.972300 ms  DeleteObjects: 0.143400 ms)

========================================================================
Received Prepare
Registering precompiled user dll's ...
Registered in 0.000988 seconds.
Begin MonoManager ReloadAssembly
Native extension for WindowsStandalone target not found
Refreshing native plugins compatible for Editor in 0.51 ms, found 1 plugins.
Preloading 0 native plugins for Editor in 0.00 ms.
Mono: successfully reloaded assembly
- Completed reload, in  0.968 seconds
Platform modules already initialized, skipping
Refreshing native plugins compatible for Editor in 0.52 ms, found 1 plugins.
Preloading 0 native plugins for Editor in 0.00 ms.
Unloading 2021 Unused Serialized files (Serialized files now loaded: 0)
System memory in use before: 93.6 MB.
System memory in use after: 93.6 MB.

Unloading 13 unused Assets to reduce memory usage. Loaded Objects now: 2499.
Total: 2.870900 ms (FindLiveObjects: 0.197600 ms CreateObjectMapping: 0.083000 ms MarkObjects: 2.462500 ms  DeleteObjects: 0.126400 ms)

========================================================================
Received Import Request.
  Time since last request: 5773.676325 seconds.
  path: Assets/Scripts/ScriptableObjects/Item.cs
  artifactKey: Guid(3697b24e83b129f4b9aeb6009372d5c1) Importer(815301076,1909f56bfc062723c751e8b465ee728b)
Start importing Assets/Scripts/ScriptableObjects/Item.cs using Guid(3697b24e83b129f4b9aeb6009372d5c1) Importer(815301076,1909f56bfc062723c751e8b465ee728b)  -> (artifact id: '9cbccc0eb5498b7a1d02faa823addfcc') in 0.011217 seconds
  Import took 0.175740 seconds .

========================================================================
Received Import Request.
  Time since last request: 16.197122 seconds.
  path: Assets/Scriptable Objects/ContainerHeart.asset
  artifactKey: Guid(8a175f80a0521064ebe46a9d7c4de0a5) Importer(815301076,1909f56bfc062723c751e8b465ee728b)
Start importing Assets/Scriptable Objects/ContainerHeart.asset using Guid(8a175f80a0521064ebe46a9d7c4de0a5) Importer(815301076,1909f56bfc062723c751e8b465ee728b)  -> (artifact id: '48a48bcb6554028534079c187f73e536') in 0.056452 seconds
  Import took 0.091031 seconds .

========================================================================
Received Prepare
Registering precompiled user dll's ...
Registered in 0.001254 seconds.
Begin MonoManager ReloadAssembly
Native extension for WindowsStandalone target not found
Refreshing native plugins compatible for Editor in 0.77 ms, found 1 plugins.
Preloading 0 native plugins for Editor in 0.00 ms.
Mono: successfully reloaded assembly
- Completed reload, in  1.170 seconds
Platform modules already initialized, skipping
Refreshing native plugins compatible for Editor in 0.68 ms, found 1 plugins.
Preloading 0 native plugins for Editor in 0.00 ms.
Unloading 2021 Unused Serialized files (Serialized files now loaded: 0)
System memory in use before: 93.7 MB.
System memory in use after: 93.6 MB.

Unloading 13 unused Assets to reduce memory usage. Loaded Objects now: 2503.
Total: 2.644200 ms (FindLiveObjects: 0.270000 ms CreateObjectMapping: 0.124300 ms MarkObjects: 2.085000 ms  DeleteObjects: 0.163600 ms)

========================================================================
Received Prepare
Registering precompiled user dll's ...
Registered in 0.000985 seconds.
Begin MonoManager ReloadAssembly
Native extension for WindowsStandalone target not found
Refreshing native plugins compatible for Editor in 0.66 ms, found 1 plugins.
Preloading 0 native plugins for Editor in 0.00 ms.
Mono: successfully reloaded assembly
- Completed reload, in  0.937 seconds
Platform modules already initialized, skipping
Refreshing native plugins compatible for Editor in 0.51 ms, found 1 plugins.
Preloading 0 native plugins for Editor in 0.00 ms.
Unloading 2021 Unused Serialized files (Serialized files now loaded: 0)
System memory in use before: 93.7 MB.
System memory in use after: 93.7 MB.

Unloading 13 unused Assets to reduce memory usage. Loaded Objects now: 2507.
Total: 2.499500 ms (FindLiveObjects: 0.207300 ms CreateObjectMapping: 0.087500 ms MarkObjects: 2.084600 ms  DeleteObjects: 0.119000 ms)

========================================================================
Received Prepare
Registering precompiled user dll's ...
Registered in 0.000958 seconds.
Begin MonoManager ReloadAssembly
Native extension for WindowsStandalone target not found
Refreshing native plugins compatible for Editor in 0.52 ms, found 1 plugins.
Preloading 0 native plugins for Editor in 0.00 ms.
Mono: successfully reloaded assembly
- Completed reload, in  0.914 seconds
Platform modules already initialized, skipping
Refreshing native plugins compatible for Editor in 1.20 ms, found 1 plugins.
Preloading 0 native plugins for Editor in 0.00 ms.
Unloading 2021 Unused Serialized files (Serialized files now loaded: 0)
System memory in use before: 93.7 MB.
System memory in use after: 93.7 MB.

Unloading 13 unused Assets to reduce memory usage. Loaded Objects now: 2511.
Total: 2.526600 ms (FindLiveObjects: 0.303100 ms CreateObjectMapping: 0.111100 ms MarkObjects: 1.997600 ms  DeleteObjects: 0.113800 ms)

========================================================================
Received Prepare
Registering precompiled user dll's ...
Registered in 0.001483 seconds.
Begin MonoManager ReloadAssembly
Native extension for WindowsStandalone target not found
Refreshing native plugins compatible for Editor in 0.59 ms, found 1 plugins.
Preloading 0 native plugins for Editor in 0.00 ms.
Mono: successfully reloaded assembly
- Completed reload, in  2.396 seconds
Platform modules already initialized, skipping
Refreshing native plugins compatible for Editor in 0.60 ms, found 1 plugins.
Preloading 0 native plugins for Editor in 0.00 ms.
Unloading 2021 Unused Serialized files (Serialized files now loaded: 0)
System memory in use before: 93.7 MB.
System memory in use after: 93.7 MB.

Unloading 13 unused Assets to reduce memory usage. Loaded Objects now: 2515.
Total: 3.691300 ms (FindLiveObjects: 0.360600 ms CreateObjectMapping: 0.158300 ms MarkObjects: 3.040100 ms  DeleteObjects: 0.130500 ms)

========================================================================
Received Prepare
Registering precompiled user dll's ...
Registered in 0.028560 seconds.
Begin MonoManager ReloadAssembly
Native extension for WindowsStandalone target not found
Refreshing native plugins compatible for Editor in 0.55 ms, found 1 plugins.
Preloading 0 native plugins for Editor in 0.00 ms.
Mono: successfully reloaded assembly
- Completed reload, in  1.764 seconds
Platform modules already initialized, skipping
Refreshing native plugins compatible for Editor in 0.53 ms, found 1 plugins.
Preloading 0 native plugins for Editor in 0.00 ms.
Unloading 2021 Unused Serialized files (Serialized files now loaded: 0)
System memory in use before: 93.7 MB.
System memory in use after: 93.7 MB.

Unloading 13 unused Assets to reduce memory usage. Loaded Objects now: 2519.
Total: 3.053400 ms (FindLiveObjects: 0.195200 ms CreateObjectMapping: 0.072300 ms MarkObjects: 2.302100 ms  DeleteObjects: 0.482300 ms)

========================================================================
Received Import Request.
  Time since last request: 6412.436593 seconds.
  path: Assets/Scripts/Miscellaneous/MagicManager.cs
  artifactKey: Guid(efa69993b2e6059469a7d532dd395b38) Importer(815301076,1909f56bfc062723c751e8b465ee728b)
Start importing Assets/Scripts/Miscellaneous/MagicManager.cs using Guid(efa69993b2e6059469a7d532dd395b38) Importer(815301076,1909f56bfc062723c751e8b465ee728b)  -> (artifact id: '4cdae31410d8c395b8994ca42562779b') in 0.032026 seconds
  Import took 0.060964 seconds .

========================================================================
Received Prepare
Registering precompiled user dll's ...
Registered in 0.001847 seconds.
Begin MonoManager ReloadAssembly
Native extension for WindowsStandalone target not found
Refreshing native plugins compatible for Editor in 0.52 ms, found 1 plugins.
Preloading 0 native plugins for Editor in 0.00 ms.
Mono: successfully reloaded assembly
- Completed reload, in  0.984 seconds
Platform modules already initialized, skipping
Refreshing native plugins compatible for Editor in 0.52 ms, found 1 plugins.
Preloading 0 native plugins for Editor in 0.00 ms.
Unloading 2021 Unused Serialized files (Serialized files now loaded: 0)
System memory in use before: 93.7 MB.
System memory in use after: 93.7 MB.

Unloading 13 unused Assets to reduce memory usage. Loaded Objects now: 2523.
Total: 3.609000 ms (FindLiveObjects: 0.295500 ms CreateObjectMapping: 0.101000 ms MarkObjects: 2.370800 ms  DeleteObjects: 0.839700 ms)

========================================================================
Received Prepare
Registering precompiled user dll's ...
Registered in 0.001427 seconds.
Begin MonoManager ReloadAssembly
Native extension for WindowsStandalone target not found
Refreshing native plugins compatible for Editor in 1.02 ms, found 1 plugins.
Preloading 0 native plugins for Editor in 0.00 ms.
Mono: successfully reloaded assembly
- Completed reload, in  1.036 seconds
Platform modules already initialized, skipping
Refreshing native plugins compatible for Editor in 0.54 ms, found 1 plugins.
Preloading 0 native plugins for Editor in 0.00 ms.
Unloading 2021 Unused Serialized files (Serialized files now loaded: 0)
System memory in use before: 93.7 MB.
System memory in use after: 93.7 MB.

Unloading 13 unused Assets to reduce memory usage. Loaded Objects now: 2527.
Total: 3.372000 ms (FindLiveObjects: 0.288900 ms CreateObjectMapping: 0.196900 ms MarkObjects: 2.352100 ms  DeleteObjects: 0.532200 ms)

========================================================================
Received Prepare
Registering precompiled user dll's ...
Registered in 0.000957 seconds.
Begin MonoManager ReloadAssembly
Native extension for WindowsStandalone target not found
Refreshing native plugins compatible for Editor in 1.14 ms, found 1 plugins.
Preloading 0 native plugins for Editor in 0.00 ms.
Mono: successfully reloaded assembly
- Completed reload, in  1.845 seconds
Platform modules already initialized, skipping
Refreshing native plugins compatible for Editor in 0.51 ms, found 1 plugins.
Preloading 0 native plugins for Editor in 0.00 ms.
Unloading 2021 Unused Serialized files (Serialized files now loaded: 0)
System memory in use before: 93.7 MB.
System memory in use after: 93.7 MB.

Unloading 13 unused Assets to reduce memory usage. Loaded Objects now: 2531.
Total: 3.298600 ms (FindLiveObjects: 0.475900 ms CreateObjectMapping: 0.219600 ms MarkObjects: 2.454000 ms  DeleteObjects: 0.147100 ms)

========================================================================
Received Prepare
Registering precompiled user dll's ...
Registered in 0.001842 seconds.
Begin MonoManager ReloadAssembly
Native extension for WindowsStandalone target not found
Refreshing native plugins compatible for Editor in 1.57 ms, found 1 plugins.
Preloading 0 native plugins for Editor in 0.00 ms.
Mono: successfully reloaded assembly
- Completed reload, in  2.194 seconds
Platform modules already initialized, skipping
Refreshing native plugins compatible for Editor in 1.07 ms, found 1 plugins.
Preloading 0 native plugins for Editor in 0.00 ms.
Unloading 2021 Unused Serialized files (Serialized files now loaded: 0)
System memory in use before: 93.7 MB.
System memory in use after: 93.7 MB.

Unloading 13 unused Assets to reduce memory usage. Loaded Objects now: 2535.
Total: 4.646000 ms (FindLiveObjects: 0.487000 ms CreateObjectMapping: 0.320700 ms MarkObjects: 3.607600 ms  DeleteObjects: 0.228000 ms)

========================================================================
Received Import Request.
  Time since last request: 1807.632771 seconds.
  path: Assets/Scenes/Main Menu.unity
  artifactKey: Guid(b0256ccbb64b9fe4db49fb09b13934b2) Importer(815301076,1909f56bfc062723c751e8b465ee728b)
Start importing Assets/Scenes/Main Menu.unity using Guid(b0256ccbb64b9fe4db49fb09b13934b2) Importer(815301076,1909f56bfc062723c751e8b465ee728b)  -> (artifact id: '67aca71ce7e6e574a68d8d0bc3359565') in 0.056754 seconds
  Import took 0.077466 seconds .

========================================================================
Received Import Request.
  Time since last request: 0.002220 seconds.
  path: Assets/Scenes/Main Menu.unity
  artifactKey: Guid(b0256ccbb64b9fe4db49fb09b13934b2) Importer(815301076,1909f56bfc062723c751e8b465ee728b)
Start importing Assets/Scenes/Main Menu.unity using Guid(b0256ccbb64b9fe4db49fb09b13934b2) Importer(815301076,1909f56bfc062723c751e8b465ee728b)  -> (artifact id: '67aca71ce7e6e574a68d8d0bc3359565') in 0.003538 seconds
  Import took 0.030212 seconds .

========================================================================
Received Import Request.
  Time since last request: 649.298445 seconds.
  path: Assets/Sprites/1.png
  artifactKey: Guid(65d41c9ca59e05b48b4f383b4c6c82a4) Importer(815301076,1909f56bfc062723c751e8b465ee728b)
Start importing Assets/Sprites/1.png using Guid(65d41c9ca59e05b48b4f383b4c6c82a4) Importer(815301076,1909f56bfc062723c751e8b465ee728b)  -> (artifact id: '489fa498220b53b6fdc2fd2fc3fc7f9e') in 0.338452 seconds
  Import took 0.402859 seconds .

========================================================================
Received Import Request.
  Time since last request: 8.689599 seconds.
  path: Assets/Sprites/1.png
  artifactKey: Guid(65d41c9ca59e05b48b4f383b4c6c82a4) Importer(815301076,1909f56bfc062723c751e8b465ee728b)
Start importing Assets/Sprites/1.png using Guid(65d41c9ca59e05b48b4f383b4c6c82a4) Importer(815301076,1909f56bfc062723c751e8b465ee728b)  -> (artifact id: '2c4519873891916137701e6c347a35bf') in 0.023603 seconds
  Import took 0.047342 seconds .

AssetImportWorkerClient::OnTransportError - code=2 error=End of file
