Using pre-set license
Built from '2020.3/release' branch; Version is '2020.3.7f1 (dd97f2c94397) revision 14522354'; Using compiler version '192528614'; Build Type 'Release'
OS: 'Windows 10 Pro; OS build 19042.985; Version 2009; 64bit' Language: 'en' Physical Memory: 8067 MB
BatchMode: 1, IsHumanControllingUs: 0, StartBugReporterOnCrash: 0, Is64bit: 1, IsPro: 0

 COMMAND LINE ARGUMENTS:
F:\Unity Engine\2020.3.7f1\Editor\Unity.exe
-adb2
-batchMode
-noUpm
-name
AssetImportWorker0
-projectPath
F:/Unity Stuff/Projects/2D RPG
-logFile
Logs/AssetImportWorker0.log
-srvPort
53083
Successfully changed project path to: F:/Unity Stuff/Projects/2D RPG
F:/Unity Stuff/Projects/2D RPG
Using Asset Import Pipeline V2.
Refreshing native plugins compatible for Editor in 57.68 ms, found 1 plugins.
Preloading 0 native plugins for Editor in 0.00 ms.
Initialize engine version: 2020.3.7f1 (dd97f2c94397)
[Subsystems] Discovering subsystems at path F:/Unity Engine/2020.3.7f1/Editor/Data/Resources/UnitySubsystems
[Subsystems] Discovering subsystems at path F:/Unity Stuff/Projects/2D RPG/Assets
GfxDevice: creating device client; threaded=0
Direct3D:
    Version:  Direct3D 11.0 [level 11.1]
    Renderer: NVIDIA GeForce MX150 (ID=0x1d10)
    Vendor:   
    VRAM:     1983 MB
    Driver:   27.21.14.6663
Initialize mono
Mono path[0] = 'F:/Unity Engine/2020.3.7f1/Editor/Data/Managed'
Mono path[1] = 'F:/Unity Engine/2020.3.7f1/Editor/Data/MonoBleedingEdge/lib/mono/unityjit'
Mono config path = 'F:/Unity Engine/2020.3.7f1/Editor/Data/MonoBleedingEdge/etc'
Using monoOptions --debugger-agent=transport=dt_socket,embedding=1,server=y,suspend=n,address=127.0.0.1:56568
Begin MonoManager ReloadAssembly
Registering precompiled unity dll's ...
Register platform support module: F:/Unity Engine/2020.3.7f1/Editor/Data/PlaybackEngines/WindowsStandaloneSupport/UnityEditor.WindowsStandalone.Extensions.dll
Registered in 0.001160 seconds.
Native extension for WindowsStandalone target not found
Refreshing native plugins compatible for Editor in 62.63 ms, found 1 plugins.
Preloading 0 native plugins for Editor in 0.00 ms.
Mono: successfully reloaded assembly
- Completed reload, in  1.112 seconds
Platform modules already initialized, skipping
Registering precompiled user dll's ...
Registered in 0.001483 seconds.
Begin MonoManager ReloadAssembly
Native extension for WindowsStandalone target not found
Refreshing native plugins compatible for Editor in 55.30 ms, found 1 plugins.
Preloading 0 native plugins for Editor in 0.00 ms.
Mono: successfully reloaded assembly
- Completed reload, in  1.245 seconds
Platform modules already initialized, skipping
========================================================================
Worker process is ready to serve import requests
Launched and connected shader compiler UnityShaderCompiler.exe after 0.18 seconds
Refreshing native plugins compatible for Editor in 0.54 ms, found 1 plugins.
Preloading 0 native plugins for Editor in 0.00 ms.
Unloading 2042 Unused Serialized files (Serialized files now loaded: 0)
System memory in use before: 95.1 MB.
System memory in use after: 95.1 MB.

Unloading 25 unused Assets to reduce memory usage. Loaded Objects now: 2487.
Total: 3.236600 ms (FindLiveObjects: 0.376000 ms CreateObjectMapping: 0.181800 ms MarkObjects: 2.541700 ms  DeleteObjects: 0.135700 ms)

========================================================================
Received Import Request.
  path: Assets/Font
  artifactKey: Guid(28ef893e14bf14c499704fa63c0ea8dc) Importer(815301076,1909f56bfc062723c751e8b465ee728b)
Start importing Assets/Font using Guid(28ef893e14bf14c499704fa63c0ea8dc) Importer(815301076,1909f56bfc062723c751e8b465ee728b)  -> (artifact id: '5622bf65a13195479f2d5cb2450beece') in 0.009295 seconds
  Import took 0.029245 seconds .

========================================================================
Received Import Request.
  Time since last request: 13.028052 seconds.
  path: Assets/Font/BitScript.ttf
  artifactKey: Guid(371d0a3aefafb6e4bbb3e14eb57beead) Importer(815301076,1909f56bfc062723c751e8b465ee728b)
Start importing Assets/Font/BitScript.ttf using Guid(371d0a3aefafb6e4bbb3e14eb57beead) Importer(815301076,1909f56bfc062723c751e8b465ee728b)  -> (artifact id: '5dc98df62f01b81b8914f1f1806c15ec') in 0.165762 seconds
  Import took 0.190985 seconds .

========================================================================
Received Import Request.
  Time since last request: 0.000349 seconds.
  path: Assets/TextMesh Pro/Fonts/LiberationSans.ttf
  artifactKey: Guid(e3265ab4bf004d28a9537516768c1c75) Importer(815301076,1909f56bfc062723c751e8b465ee728b)
Start importing Assets/TextMesh Pro/Fonts/LiberationSans.ttf using Guid(e3265ab4bf004d28a9537516768c1c75) Importer(815301076,1909f56bfc062723c751e8b465ee728b)  -> (artifact id: 'ab35a0b9c4089d802057674fa4aa1330') in 0.031590 seconds
  Import took 0.063268 seconds .

========================================================================
Received Import Request.
  Time since last request: 0.000362 seconds.
  path: Assets/Font/BitScript.ttf
  artifactKey: Guid(371d0a3aefafb6e4bbb3e14eb57beead) Importer(815301076,1909f56bfc062723c751e8b465ee728b)
Start importing Assets/Font/BitScript.ttf using Guid(371d0a3aefafb6e4bbb3e14eb57beead) Importer(815301076,1909f56bfc062723c751e8b465ee728b)  -> (artifact id: '5dc98df62f01b81b8914f1f1806c15ec') in 0.011654 seconds
  Import took 0.015940 seconds .

========================================================================
Received Import Request.
  Time since last request: 0.000376 seconds.
  path: Assets/TextMesh Pro/Fonts/LiberationSans.ttf
  artifactKey: Guid(e3265ab4bf004d28a9537516768c1c75) Importer(815301076,1909f56bfc062723c751e8b465ee728b)
Start importing Assets/TextMesh Pro/Fonts/LiberationSans.ttf using Guid(e3265ab4bf004d28a9537516768c1c75) Importer(815301076,1909f56bfc062723c751e8b465ee728b)  -> (artifact id: 'ab35a0b9c4089d802057674fa4aa1330') in 0.016472 seconds
  Import took 0.020812 seconds .

========================================================================
Received Prepare
Registering precompiled user dll's ...
Registered in 0.001031 seconds.
Begin MonoManager ReloadAssembly
Native extension for WindowsStandalone target not found
Refreshing native plugins compatible for Editor in 0.52 ms, found 1 plugins.
Preloading 0 native plugins for Editor in 0.00 ms.
Mono: successfully reloaded assembly
- Completed reload, in  0.961 seconds
Platform modules already initialized, skipping
Refreshing native plugins compatible for Editor in 0.55 ms, found 1 plugins.
Preloading 0 native plugins for Editor in 0.00 ms.
Unloading 2021 Unused Serialized files (Serialized files now loaded: 0)
System memory in use before: 96.8 MB.
System memory in use after: 96.8 MB.

Unloading 13 unused Assets to reduce memory usage. Loaded Objects now: 2535.
Total: 2.485300 ms (FindLiveObjects: 0.332000 ms CreateObjectMapping: 0.110400 ms MarkObjects: 1.928400 ms  DeleteObjects: 0.112900 ms)

========================================================================
Received Prepare
Registering precompiled user dll's ...
Registered in 0.001443 seconds.
Begin MonoManager ReloadAssembly
Native extension for WindowsStandalone target not found
Refreshing native plugins compatible for Editor in 0.52 ms, found 1 plugins.
Preloading 0 native plugins for Editor in 0.00 ms.
Mono: successfully reloaded assembly
- Completed reload, in  0.988 seconds
Platform modules already initialized, skipping
Refreshing native plugins compatible for Editor in 0.54 ms, found 1 plugins.
Preloading 0 native plugins for Editor in 0.00 ms.
Unloading 2021 Unused Serialized files (Serialized files now loaded: 0)
System memory in use before: 96.9 MB.
System memory in use after: 96.9 MB.

Unloading 13 unused Assets to reduce memory usage. Loaded Objects now: 2539.
Total: 2.961700 ms (FindLiveObjects: 0.399000 ms CreateObjectMapping: 0.154800 ms MarkObjects: 2.290900 ms  DeleteObjects: 0.115700 ms)

========================================================================
Received Prepare
Registering precompiled user dll's ...
Registered in 0.001914 seconds.
Begin MonoManager ReloadAssembly
Native extension for WindowsStandalone target not found
Refreshing native plugins compatible for Editor in 2.01 ms, found 1 plugins.
Preloading 0 native plugins for Editor in 0.00 ms.
Mono: successfully reloaded assembly
- Completed reload, in  2.275 seconds
Platform modules already initialized, skipping
Refreshing native plugins compatible for Editor in 0.91 ms, found 1 plugins.
Preloading 0 native plugins for Editor in 0.00 ms.
Unloading 2021 Unused Serialized files (Serialized files now loaded: 0)
System memory in use before: 96.9 MB.
System memory in use after: 96.9 MB.

Unloading 13 unused Assets to reduce memory usage. Loaded Objects now: 2543.
Total: 5.357900 ms (FindLiveObjects: 0.721300 ms CreateObjectMapping: 0.390400 ms MarkObjects: 4.038100 ms  DeleteObjects: 0.204500 ms)

========================================================================
Received Prepare
Registering precompiled user dll's ...
Registered in 0.001015 seconds.
Begin MonoManager ReloadAssembly
Native extension for WindowsStandalone target not found
Refreshing native plugins compatible for Editor in 0.55 ms, found 1 plugins.
Preloading 0 native plugins for Editor in 0.00 ms.
Mono: successfully reloaded assembly
- Completed reload, in  1.036 seconds
Platform modules already initialized, skipping
Refreshing native plugins compatible for Editor in 0.61 ms, found 1 plugins.
Preloading 0 native plugins for Editor in 0.00 ms.
Unloading 2021 Unused Serialized files (Serialized files now loaded: 0)
System memory in use before: 96.9 MB.
System memory in use after: 96.9 MB.

Unloading 13 unused Assets to reduce memory usage. Loaded Objects now: 2547.
Total: 2.701300 ms (FindLiveObjects: 0.408000 ms CreateObjectMapping: 0.156100 ms MarkObjects: 2.010000 ms  DeleteObjects: 0.125500 ms)

========================================================================
Received Prepare
Registering precompiled user dll's ...
Registered in 0.002003 seconds.
Begin MonoManager ReloadAssembly
Native extension for WindowsStandalone target not found
Refreshing native plugins compatible for Editor in 0.90 ms, found 1 plugins.
Preloading 0 native plugins for Editor in 0.00 ms.
Mono: successfully reloaded assembly
- Completed reload, in  2.058 seconds
Platform modules already initialized, skipping
Refreshing native plugins compatible for Editor in 0.91 ms, found 1 plugins.
Preloading 0 native plugins for Editor in 0.00 ms.
Unloading 2021 Unused Serialized files (Serialized files now loaded: 0)
System memory in use before: 96.9 MB.
System memory in use after: 96.9 MB.

Unloading 13 unused Assets to reduce memory usage. Loaded Objects now: 2551.
Total: 4.766300 ms (FindLiveObjects: 0.432300 ms CreateObjectMapping: 0.202900 ms MarkObjects: 3.925200 ms  DeleteObjects: 0.204000 ms)

========================================================================
Received Import Request.
  Time since last request: 1990.665809 seconds.
  path: Assets/Scripts/Miscellaneous/MainMenu.cs
  artifactKey: Guid(5795030c2d6428b40858962ff05bf5d4) Importer(815301076,1909f56bfc062723c751e8b465ee728b)
Start importing Assets/Scripts/Miscellaneous/MainMenu.cs using Guid(5795030c2d6428b40858962ff05bf5d4) Importer(815301076,1909f56bfc062723c751e8b465ee728b)  -> (artifact id: 'e526552205a5da3bd606bcc6b81f901a') in 0.022798 seconds
  Import took 0.233104 seconds .

========================================================================
Received Prepare
Registering precompiled user dll's ...
Registered in 0.000938 seconds.
Begin MonoManager ReloadAssembly
Native extension for WindowsStandalone target not found
Refreshing native plugins compatible for Editor in 0.51 ms, found 1 plugins.
Preloading 0 native plugins for Editor in 0.00 ms.
Mono: successfully reloaded assembly
- Completed reload, in  1.048 seconds
Platform modules already initialized, skipping
Refreshing native plugins compatible for Editor in 0.58 ms, found 1 plugins.
Preloading 0 native plugins for Editor in 0.00 ms.
Unloading 2022 Unused Serialized files (Serialized files now loaded: 0)
System memory in use before: 97.0 MB.
System memory in use after: 97.0 MB.

Unloading 13 unused Assets to reduce memory usage. Loaded Objects now: 2556.
Total: 3.207600 ms (FindLiveObjects: 0.205000 ms CreateObjectMapping: 0.094800 ms MarkObjects: 2.791100 ms  DeleteObjects: 0.115700 ms)

========================================================================
Received Prepare
Registering precompiled user dll's ...
Registered in 0.000984 seconds.
Begin MonoManager ReloadAssembly
Native extension for WindowsStandalone target not found
Refreshing native plugins compatible for Editor in 0.51 ms, found 1 plugins.
Preloading 0 native plugins for Editor in 0.00 ms.
Mono: successfully reloaded assembly
- Completed reload, in  0.954 seconds
Platform modules already initialized, skipping
Refreshing native plugins compatible for Editor in 0.59 ms, found 1 plugins.
Preloading 0 native plugins for Editor in 0.00 ms.
Unloading 2022 Unused Serialized files (Serialized files now loaded: 0)
System memory in use before: 97.0 MB.
System memory in use after: 97.0 MB.

Unloading 13 unused Assets to reduce memory usage. Loaded Objects now: 2560.
Total: 2.502900 ms (FindLiveObjects: 0.328200 ms CreateObjectMapping: 0.096700 ms MarkObjects: 1.956200 ms  DeleteObjects: 0.120600 ms)

========================================================================
Received Import Request.
  Time since last request: 136.655144 seconds.
  path: Assets/Scripts/Miscellaneous/MainMenu.cs
  artifactKey: Guid(5795030c2d6428b40858962ff05bf5d4) Importer(815301076,1909f56bfc062723c751e8b465ee728b)
Start importing Assets/Scripts/Miscellaneous/MainMenu.cs using Guid(5795030c2d6428b40858962ff05bf5d4) Importer(815301076,1909f56bfc062723c751e8b465ee728b)  -> (artifact id: 'de792727a563befa2f9bfaec79bbffda') in 0.030270 seconds
  Import took 0.054769 seconds .

========================================================================
Received Prepare
Registering precompiled user dll's ...
Registered in 0.001135 seconds.
Begin MonoManager ReloadAssembly
Native extension for WindowsStandalone target not found
Refreshing native plugins compatible for Editor in 0.55 ms, found 1 plugins.
Preloading 0 native plugins for Editor in 0.00 ms.
Mono: successfully reloaded assembly
- Completed reload, in  0.943 seconds
Platform modules already initialized, skipping
Refreshing native plugins compatible for Editor in 0.82 ms, found 1 plugins.
Preloading 0 native plugins for Editor in 0.00 ms.
Unloading 2022 Unused Serialized files (Serialized files now loaded: 0)
System memory in use before: 97.0 MB.
System memory in use after: 97.0 MB.

Unloading 13 unused Assets to reduce memory usage. Loaded Objects now: 2564.
Total: 2.676600 ms (FindLiveObjects: 0.370300 ms CreateObjectMapping: 0.134600 ms MarkObjects: 2.049100 ms  DeleteObjects: 0.121400 ms)

========================================================================
Received Prepare
Registering precompiled user dll's ...
Registered in 0.001216 seconds.
Begin MonoManager ReloadAssembly
Native extension for WindowsStandalone target not found
Refreshing native plugins compatible for Editor in 0.51 ms, found 1 plugins.
Preloading 0 native plugins for Editor in 0.00 ms.
Mono: successfully reloaded assembly
- Completed reload, in  0.926 seconds
Platform modules already initialized, skipping
Refreshing native plugins compatible for Editor in 0.52 ms, found 1 plugins.
Preloading 0 native plugins for Editor in 0.00 ms.
Unloading 2022 Unused Serialized files (Serialized files now loaded: 0)
System memory in use before: 97.0 MB.
System memory in use after: 97.0 MB.

Unloading 13 unused Assets to reduce memory usage. Loaded Objects now: 2568.
Total: 2.326100 ms (FindLiveObjects: 0.259900 ms CreateObjectMapping: 0.123700 ms MarkObjects: 1.819500 ms  DeleteObjects: 0.120800 ms)

========================================================================
Received Prepare
Registering precompiled user dll's ...
Registered in 0.000991 seconds.
Begin MonoManager ReloadAssembly
Native extension for WindowsStandalone target not found
Refreshing native plugins compatible for Editor in 0.50 ms, found 1 plugins.
Preloading 0 native plugins for Editor in 0.00 ms.
Mono: successfully reloaded assembly
- Completed reload, in  0.950 seconds
Platform modules already initialized, skipping
Refreshing native plugins compatible for Editor in 0.54 ms, found 1 plugins.
Preloading 0 native plugins for Editor in 0.00 ms.
Unloading 2022 Unused Serialized files (Serialized files now loaded: 0)
System memory in use before: 97.0 MB.
System memory in use after: 97.0 MB.

Unloading 13 unused Assets to reduce memory usage. Loaded Objects now: 2572.
Total: 2.819800 ms (FindLiveObjects: 0.233400 ms CreateObjectMapping: 0.089700 ms MarkObjects: 2.380600 ms  DeleteObjects: 0.114300 ms)

========================================================================
Received Import Request.
  Time since last request: 825.521454 seconds.
  path: Assets/Scenes/GameScene.unity
  artifactKey: Guid(2cda990e2423bbf4892e6590ba056729) Importer(815301076,1909f56bfc062723c751e8b465ee728b)
Start importing Assets/Scenes/GameScene.unity using Guid(2cda990e2423bbf4892e6590ba056729) Importer(815301076,1909f56bfc062723c751e8b465ee728b)  -> (artifact id: '13618a5265d7c00d33cdb5156fdbca66') in 0.016788 seconds
  Import took 0.020552 seconds .

========================================================================
Received Import Request.
  Time since last request: 85.823244 seconds.
  path: Assets/Sprites
  artifactKey: Guid(a9a28c55d044deb47ba1ed60496a50d6) Importer(815301076,1909f56bfc062723c751e8b465ee728b)
Start importing Assets/Sprites using Guid(a9a28c55d044deb47ba1ed60496a50d6) Importer(815301076,1909f56bfc062723c751e8b465ee728b)  -> (artifact id: 'd1bc8f114e6fa2b1ca2a3387f76f92b5') in 0.009241 seconds
  Import took 0.036341 seconds .

========================================================================
Received Import Request.
  Time since last request: 167.570940 seconds.
  path: Assets/Scripts/Player/PlayerMovement.cs
  artifactKey: Guid(5ebd6922a79e9a546821de1d902d7c29) Importer(815301076,1909f56bfc062723c751e8b465ee728b)
Start importing Assets/Scripts/Player/PlayerMovement.cs using Guid(5ebd6922a79e9a546821de1d902d7c29) Importer(815301076,1909f56bfc062723c751e8b465ee728b)  -> (artifact id: 'b711756cd4e7479581be35dedbfbdc28') in 0.019708 seconds
  Import took 0.143348 seconds .

========================================================================
Received Prepare
Registering precompiled user dll's ...
Registered in 0.000986 seconds.
Begin MonoManager ReloadAssembly
Native extension for WindowsStandalone target not found
Refreshing native plugins compatible for Editor in 0.52 ms, found 1 plugins.
Preloading 0 native plugins for Editor in 0.00 ms.
Mono: successfully reloaded assembly
- Completed reload, in  1.027 seconds
Platform modules already initialized, skipping
Refreshing native plugins compatible for Editor in 0.73 ms, found 1 plugins.
Preloading 0 native plugins for Editor in 0.00 ms.
Unloading 2022 Unused Serialized files (Serialized files now loaded: 0)
System memory in use before: 97.0 MB.
System memory in use after: 97.0 MB.

Unloading 13 unused Assets to reduce memory usage. Loaded Objects now: 2576.
Total: 3.022400 ms (FindLiveObjects: 0.220900 ms CreateObjectMapping: 0.085100 ms MarkObjects: 2.569300 ms  DeleteObjects: 0.145300 ms)

========================================================================
Received Import Request.
  Time since last request: 152.154653 seconds.
  path: Assets/Scripts/Player/PlayerMovement.cs
  artifactKey: Guid(5ebd6922a79e9a546821de1d902d7c29) Importer(815301076,1909f56bfc062723c751e8b465ee728b)
Start importing Assets/Scripts/Player/PlayerMovement.cs using Guid(5ebd6922a79e9a546821de1d902d7c29) Importer(815301076,1909f56bfc062723c751e8b465ee728b)  -> (artifact id: '797b7841a095e42372a2d00f03533ae9') in 0.006161 seconds
  Import took 1.208353 seconds .

========================================================================
Received Prepare
Registering precompiled user dll's ...
Registered in 0.003128 seconds.
Begin MonoManager ReloadAssembly
Native extension for WindowsStandalone target not found
Refreshing native plugins compatible for Editor in 0.88 ms, found 1 plugins.
Preloading 0 native plugins for Editor in 0.00 ms.
Mono: successfully reloaded assembly
- Completed reload, in  2.213 seconds
Platform modules already initialized, skipping
Refreshing native plugins compatible for Editor in 1.15 ms, found 1 plugins.
Preloading 0 native plugins for Editor in 0.00 ms.
Unloading 2022 Unused Serialized files (Serialized files now loaded: 0)
System memory in use before: 97.0 MB.
System memory in use after: 97.0 MB.

Unloading 13 unused Assets to reduce memory usage. Loaded Objects now: 2580.
Total: 4.726300 ms (FindLiveObjects: 0.394200 ms CreateObjectMapping: 0.186700 ms MarkObjects: 3.928400 ms  DeleteObjects: 0.214800 ms)

========================================================================
Received Import Request.
  Time since last request: 105.152145 seconds.
  path: Assets/Scripts/Enemy/EnemyKnockback.cs
  artifactKey: Guid(017d3ee0e5179a94c98a03a1a838ae27) Importer(815301076,1909f56bfc062723c751e8b465ee728b)
Start importing Assets/Scripts/Enemy/EnemyKnockback.cs using Guid(017d3ee0e5179a94c98a03a1a838ae27) Importer(815301076,1909f56bfc062723c751e8b465ee728b)  -> (artifact id: '2c2e14fc16d5041d2018cb33a12b34f1') in 0.010932 seconds
  Import took 0.125363 seconds .

========================================================================
Received Prepare
Registering precompiled user dll's ...
Registered in 0.000957 seconds.
Begin MonoManager ReloadAssembly
Native extension for WindowsStandalone target not found
Refreshing native plugins compatible for Editor in 0.73 ms, found 1 plugins.
Preloading 0 native plugins for Editor in 0.00 ms.
Mono: successfully reloaded assembly
- Completed reload, in  0.911 seconds
Platform modules already initialized, skipping
Refreshing native plugins compatible for Editor in 0.54 ms, found 1 plugins.
Preloading 0 native plugins for Editor in 0.00 ms.
Unloading 2022 Unused Serialized files (Serialized files now loaded: 0)
System memory in use before: 97.1 MB.
System memory in use after: 97.0 MB.

Unloading 13 unused Assets to reduce memory usage. Loaded Objects now: 2584.
Total: 2.391000 ms (FindLiveObjects: 0.295700 ms CreateObjectMapping: 0.160800 ms MarkObjects: 1.799000 ms  DeleteObjects: 0.133900 ms)

========================================================================
Received Import Request.
  Time since last request: 84.269505 seconds.
  path: Assets/Scripts/Enemy/EnemyLog.cs
  artifactKey: Guid(8aecf28baa5e8c2458f4b0c473847a4b) Importer(815301076,1909f56bfc062723c751e8b465ee728b)
Start importing Assets/Scripts/Enemy/EnemyLog.cs using Guid(8aecf28baa5e8c2458f4b0c473847a4b) Importer(815301076,1909f56bfc062723c751e8b465ee728b)  -> (artifact id: '0d2ff0fb8f4347d8763a9fd0af17d289') in 0.009040 seconds
  Import took 1.942435 seconds .

========================================================================
Received Prepare
Registering precompiled user dll's ...
Registered in 0.001345 seconds.
Begin MonoManager ReloadAssembly
Native extension for WindowsStandalone target not found
Refreshing native plugins compatible for Editor in 0.58 ms, found 1 plugins.
Preloading 0 native plugins for Editor in 0.00 ms.
Mono: successfully reloaded assembly
- Completed reload, in  0.966 seconds
Platform modules already initialized, skipping
Refreshing native plugins compatible for Editor in 0.53 ms, found 1 plugins.
Preloading 0 native plugins for Editor in 0.00 ms.
Unloading 2022 Unused Serialized files (Serialized files now loaded: 0)
System memory in use before: 97.1 MB.
System memory in use after: 97.1 MB.

Unloading 13 unused Assets to reduce memory usage. Loaded Objects now: 2588.
Total: 2.531000 ms (FindLiveObjects: 0.309900 ms CreateObjectMapping: 0.133600 ms MarkObjects: 1.958800 ms  DeleteObjects: 0.127700 ms)

========================================================================
Received Import Request.
  Time since last request: 183.082778 seconds.
  path: Assets/Scriptable Objects/Vector Values/PlayerPosition.asset
  artifactKey: Guid(e4e74574cd7dbd948bdd04b2e9250dd7) Importer(815301076,1909f56bfc062723c751e8b465ee728b)
Start importing Assets/Scriptable Objects/Vector Values/PlayerPosition.asset using Guid(e4e74574cd7dbd948bdd04b2e9250dd7) Importer(815301076,1909f56bfc062723c751e8b465ee728b)  -> (artifact id: '63007469ce157511137dbfde88e65a08') in 0.228449 seconds
  Import took 0.287943 seconds .

========================================================================
Received Import Request.
  Time since last request: 0.017835 seconds.
  path: Assets/Scriptable Objects/Vector Values/PlayerPosition.asset
  artifactKey: Guid(e4e74574cd7dbd948bdd04b2e9250dd7) Importer(815301076,1909f56bfc062723c751e8b465ee728b)
Start importing Assets/Scriptable Objects/Vector Values/PlayerPosition.asset using Guid(e4e74574cd7dbd948bdd04b2e9250dd7) Importer(815301076,1909f56bfc062723c751e8b465ee728b)  -> (artifact id: '63007469ce157511137dbfde88e65a08') in 0.002418 seconds
  Import took 0.006208 seconds .

========================================================================
Received Prepare
Registering precompiled user dll's ...
Registered in 0.001860 seconds.
Begin MonoManager ReloadAssembly
Native extension for WindowsStandalone target not found
Refreshing native plugins compatible for Editor in 0.88 ms, found 1 plugins.
Preloading 0 native plugins for Editor in 0.00 ms.
Mono: successfully reloaded assembly
- Completed reload, in  2.079 seconds
Platform modules already initialized, skipping
Refreshing native plugins compatible for Editor in 1.00 ms, found 1 plugins.
Preloading 0 native plugins for Editor in 0.00 ms.
Unloading 2022 Unused Serialized files (Serialized files now loaded: 0)
System memory in use before: 97.1 MB.
System memory in use after: 97.1 MB.

Unloading 13 unused Assets to reduce memory usage. Loaded Objects now: 2592.
Total: 6.079300 ms (FindLiveObjects: 0.680300 ms CreateObjectMapping: 0.277400 ms MarkObjects: 4.908200 ms  DeleteObjects: 0.210500 ms)

========================================================================
Received Import Request.
  Time since last request: 52.148680 seconds.
  path: Assets/Scenes/HouseInterior.unity
  artifactKey: Guid(71672734df98dad47b7a0d3a87dfcf9e) Importer(815301076,1909f56bfc062723c751e8b465ee728b)
Start importing Assets/Scenes/HouseInterior.unity using Guid(71672734df98dad47b7a0d3a87dfcf9e) Importer(815301076,1909f56bfc062723c751e8b465ee728b)  -> (artifact id: '3f365b0a5f56be4cedc26d00216142cb') in 0.755686 seconds
  Import took 0.781465 seconds .

========================================================================
Received Import Request.
  Time since last request: 9.693973 seconds.
  path: Assets/Scenes/GameScene.unity
  artifactKey: Guid(2cda990e2423bbf4892e6590ba056729) Importer(815301076,1909f56bfc062723c751e8b465ee728b)
Start importing Assets/Scenes/GameScene.unity using Guid(2cda990e2423bbf4892e6590ba056729) Importer(815301076,1909f56bfc062723c751e8b465ee728b)  -> (artifact id: '23c30289d26867ef06958a11b7766db8') in 0.004330 seconds
  Import took 0.248012 seconds .

========================================================================
Received Import Request.
  Time since last request: 3.375252 seconds.
  path: Assets/Scenes/Dungeon.unity
  artifactKey: Guid(5da29f179955ed247b0f2845f7aa592a) Importer(815301076,1909f56bfc062723c751e8b465ee728b)
Start importing Assets/Scenes/Dungeon.unity using Guid(5da29f179955ed247b0f2845f7aa592a) Importer(815301076,1909f56bfc062723c751e8b465ee728b)  -> (artifact id: '31084c7c25f92f62bd9adf1e7b14ff01') in 0.018488 seconds
  Import took 0.043339 seconds .

========================================================================
Received Prepare
Registering precompiled user dll's ...
Registered in 0.002318 seconds.
Begin MonoManager ReloadAssembly
Native extension for WindowsStandalone target not found
Refreshing native plugins compatible for Editor in 0.89 ms, found 1 plugins.
Preloading 0 native plugins for Editor in 0.00 ms.
Mono: successfully reloaded assembly
- Completed reload, in  1.990 seconds
Platform modules already initialized, skipping
Refreshing native plugins compatible for Editor in 0.99 ms, found 1 plugins.
Preloading 0 native plugins for Editor in 0.00 ms.
Unloading 2022 Unused Serialized files (Serialized files now loaded: 0)
System memory in use before: 97.1 MB.
System memory in use after: 97.1 MB.

Unloading 13 unused Assets to reduce memory usage. Loaded Objects now: 2596.
Total: 4.677000 ms (FindLiveObjects: 0.494200 ms CreateObjectMapping: 0.266200 ms MarkObjects: 3.710700 ms  DeleteObjects: 0.200900 ms)

========================================================================
Received Import Request.
  Time since last request: 10.324543 seconds.
  path: Assets/Scenes/Main Menu.unity
  artifactKey: Guid(b0256ccbb64b9fe4db49fb09b13934b2) Importer(815301076,1909f56bfc062723c751e8b465ee728b)
Start importing Assets/Scenes/Main Menu.unity using Guid(b0256ccbb64b9fe4db49fb09b13934b2) Importer(815301076,1909f56bfc062723c751e8b465ee728b)  -> (artifact id: 'fa31eaf0dafb14110f706dbdc81bdf29') in 0.036749 seconds
  Import took 0.357647 seconds .

========================================================================
Received Import Request.
  Time since last request: 31.256641 seconds.
  path: Assets/Scenes/GameScene.unity
  artifactKey: Guid(2cda990e2423bbf4892e6590ba056729) Importer(815301076,1909f56bfc062723c751e8b465ee728b)
Start importing Assets/Scenes/GameScene.unity using Guid(2cda990e2423bbf4892e6590ba056729) Importer(815301076,1909f56bfc062723c751e8b465ee728b)  -> (artifact id: 'c7a0a6dc9dc1b15876145b9034e78d21') in 0.002128 seconds
  Import took 0.030677 seconds .

========================================================================
Received Prepare
Registering precompiled user dll's ...
Registered in 0.000965 seconds.
Begin MonoManager ReloadAssembly
Native extension for WindowsStandalone target not found
Refreshing native plugins compatible for Editor in 0.52 ms, found 1 plugins.
Preloading 0 native plugins for Editor in 0.00 ms.
Mono: successfully reloaded assembly
- Completed reload, in  0.946 seconds
Platform modules already initialized, skipping
Refreshing native plugins compatible for Editor in 0.56 ms, found 1 plugins.
Preloading 0 native plugins for Editor in 0.00 ms.
Unloading 2022 Unused Serialized files (Serialized files now loaded: 0)
System memory in use before: 97.1 MB.
System memory in use after: 97.1 MB.

Unloading 13 unused Assets to reduce memory usage. Loaded Objects now: 2600.
Total: 4.176500 ms (FindLiveObjects: 0.420100 ms CreateObjectMapping: 0.177000 ms MarkObjects: 3.392300 ms  DeleteObjects: 0.185200 ms)

========================================================================
Received Import Request.
  Time since last request: 107.533817 seconds.
  path: Assets/Scenes/HouseInterior.unity
  artifactKey: Guid(71672734df98dad47b7a0d3a87dfcf9e) Importer(815301076,1909f56bfc062723c751e8b465ee728b)
Start importing Assets/Scenes/HouseInterior.unity using Guid(71672734df98dad47b7a0d3a87dfcf9e) Importer(815301076,1909f56bfc062723c751e8b465ee728b)  -> (artifact id: 'df1b8836ea49d018b0884e3e853caac9') in 0.031434 seconds
  Import took 0.140662 seconds .

========================================================================
Received Prepare
Registering precompiled user dll's ...
Registered in 0.001799 seconds.
Begin MonoManager ReloadAssembly
Native extension for WindowsStandalone target not found
Refreshing native plugins compatible for Editor in 0.89 ms, found 1 plugins.
Preloading 0 native plugins for Editor in 0.00 ms.
Mono: successfully reloaded assembly
- Completed reload, in  2.018 seconds
Platform modules already initialized, skipping
Refreshing native plugins compatible for Editor in 1.27 ms, found 1 plugins.
Preloading 0 native plugins for Editor in 0.00 ms.
Unloading 2022 Unused Serialized files (Serialized files now loaded: 0)
System memory in use before: 97.2 MB.
System memory in use after: 97.1 MB.

Unloading 13 unused Assets to reduce memory usage. Loaded Objects now: 2604.
Total: 6.763000 ms (FindLiveObjects: 0.940600 ms CreateObjectMapping: 0.400100 ms MarkObjects: 5.107600 ms  DeleteObjects: 0.311800 ms)

========================================================================
Received Prepare
Registering precompiled user dll's ...
Registered in 0.002724 seconds.
Begin MonoManager ReloadAssembly
Native extension for WindowsStandalone target not found
Refreshing native plugins compatible for Editor in 0.89 ms, found 1 plugins.
Preloading 0 native plugins for Editor in 0.00 ms.
Mono: successfully reloaded assembly
- Completed reload, in  2.043 seconds
Platform modules already initialized, skipping
Refreshing native plugins compatible for Editor in 0.89 ms, found 1 plugins.
Preloading 0 native plugins for Editor in 0.00 ms.
Unloading 2022 Unused Serialized files (Serialized files now loaded: 0)
System memory in use before: 97.2 MB.
System memory in use after: 97.1 MB.

Unloading 13 unused Assets to reduce memory usage. Loaded Objects now: 2608.
Total: 4.900400 ms (FindLiveObjects: 0.417500 ms CreateObjectMapping: 0.163300 ms MarkObjects: 4.091700 ms  DeleteObjects: 0.226200 ms)

========================================================================
Received Prepare
Registering precompiled user dll's ...
Registered in 0.001007 seconds.
Begin MonoManager ReloadAssembly
Native extension for WindowsStandalone target not found
Refreshing native plugins compatible for Editor in 0.53 ms, found 1 plugins.
Preloading 0 native plugins for Editor in 0.00 ms.
Mono: successfully reloaded assembly
- Completed reload, in  0.922 seconds
Platform modules already initialized, skipping
Refreshing native plugins compatible for Editor in 0.52 ms, found 1 plugins.
Preloading 0 native plugins for Editor in 0.00 ms.
Unloading 2022 Unused Serialized files (Serialized files now loaded: 0)
System memory in use before: 97.2 MB.
System memory in use after: 97.2 MB.

Unloading 13 unused Assets to reduce memory usage. Loaded Objects now: 2612.
Total: 2.863000 ms (FindLiveObjects: 0.276000 ms CreateObjectMapping: 0.097600 ms MarkObjects: 2.270300 ms  DeleteObjects: 0.217600 ms)

========================================================================
Received Import Request.
  Time since last request: 13559.600899 seconds.
  path: Assets/TextMesh Pro
  artifactKey: Guid(f54d1bd14bd3ca042bd867b519fee8cc) Importer(815301076,1909f56bfc062723c751e8b465ee728b)
Start importing Assets/TextMesh Pro using Guid(f54d1bd14bd3ca042bd867b519fee8cc) Importer(815301076,1909f56bfc062723c751e8b465ee728b)  -> (artifact id: '6121cc340ed628e9d5ab341dee30f1db') in 0.568287 seconds
  Import took 1.031214 seconds .

========================================================================
Received Import Request.
  Time since last request: 778.394684 seconds.
  path: Assets/Scripts/Miscellaneous/PauseMenu.cs
  artifactKey: Guid(ff94b9f241c66bf448ceca2aa99df53f) Importer(815301076,1909f56bfc062723c751e8b465ee728b)
Start importing Assets/Scripts/Miscellaneous/PauseMenu.cs using Guid(ff94b9f241c66bf448ceca2aa99df53f) Importer(815301076,1909f56bfc062723c751e8b465ee728b)  -> (artifact id: 'a95e864fd25cc7f23d4b5a66265f6f09') in 0.021883 seconds
  Import took 0.257583 seconds .

========================================================================
Received Prepare
Registering precompiled user dll's ...
Registered in 0.001444 seconds.
Begin MonoManager ReloadAssembly
Native extension for WindowsStandalone target not found
Refreshing native plugins compatible for Editor in 0.53 ms, found 1 plugins.
Preloading 0 native plugins for Editor in 0.00 ms.
Mono: successfully reloaded assembly
- Completed reload, in  1.388 seconds
Platform modules already initialized, skipping
Refreshing native plugins compatible for Editor in 0.56 ms, found 1 plugins.
Preloading 0 native plugins for Editor in 0.00 ms.
Unloading 2023 Unused Serialized files (Serialized files now loaded: 0)
System memory in use before: 97.2 MB.
System memory in use after: 97.2 MB.

Unloading 13 unused Assets to reduce memory usage. Loaded Objects now: 2617.
Total: 3.538000 ms (FindLiveObjects: 0.661600 ms CreateObjectMapping: 0.206800 ms MarkObjects: 2.504700 ms  DeleteObjects: 0.159100 ms)

========================================================================
Received Prepare
Registering precompiled user dll's ...
Registered in 0.000990 seconds.
Begin MonoManager ReloadAssembly
Native extension for WindowsStandalone target not found
Refreshing native plugins compatible for Editor in 0.50 ms, found 1 plugins.
Preloading 0 native plugins for Editor in 0.00 ms.
Mono: successfully reloaded assembly
- Completed reload, in  0.983 seconds
Platform modules already initialized, skipping
Refreshing native plugins compatible for Editor in 0.53 ms, found 1 plugins.
Preloading 0 native plugins for Editor in 0.00 ms.
Unloading 2023 Unused Serialized files (Serialized files now loaded: 0)
System memory in use before: 97.2 MB.
System memory in use after: 97.2 MB.

Unloading 13 unused Assets to reduce memory usage. Loaded Objects now: 2621.
Total: 4.278500 ms (FindLiveObjects: 0.258000 ms CreateObjectMapping: 0.098800 ms MarkObjects: 2.212300 ms  DeleteObjects: 1.708000 ms)

========================================================================
Received Import Request.
  Time since last request: 327.306745 seconds.
  path: Assets/Scripts/Miscellaneous/PauseMenu.cs
  artifactKey: Guid(ff94b9f241c66bf448ceca2aa99df53f) Importer(815301076,1909f56bfc062723c751e8b465ee728b)
Start importing Assets/Scripts/Miscellaneous/PauseMenu.cs using Guid(ff94b9f241c66bf448ceca2aa99df53f) Importer(815301076,1909f56bfc062723c751e8b465ee728b)  -> (artifact id: '99751556d6a27462dc7e8fa20d23ef74') in 0.007238 seconds
  Import took 0.027044 seconds .

========================================================================
Received Prepare
Registering precompiled user dll's ...
Registered in 0.001443 seconds.
Begin MonoManager ReloadAssembly
Native extension for WindowsStandalone target not found
Refreshing native plugins compatible for Editor in 0.51 ms, found 1 plugins.
Preloading 0 native plugins for Editor in 0.00 ms.
Mono: successfully reloaded assembly
- Completed reload, in  0.999 seconds
Platform modules already initialized, skipping
Refreshing native plugins compatible for Editor in 0.55 ms, found 1 plugins.
Preloading 0 native plugins for Editor in 0.00 ms.
Unloading 2023 Unused Serialized files (Serialized files now loaded: 0)
System memory in use before: 97.2 MB.
System memory in use after: 97.2 MB.

Unloading 13 unused Assets to reduce memory usage. Loaded Objects now: 2625.
Total: 2.527900 ms (FindLiveObjects: 0.246500 ms CreateObjectMapping: 0.102000 ms MarkObjects: 2.067200 ms  DeleteObjects: 0.110300 ms)

========================================================================
Received Import Request.
  Time since last request: 19.196723 seconds.
  path: Assets/Scripts/Miscellaneous/PauseMenu.cs
  artifactKey: Guid(ff94b9f241c66bf448ceca2aa99df53f) Importer(815301076,1909f56bfc062723c751e8b465ee728b)
Start importing Assets/Scripts/Miscellaneous/PauseMenu.cs using Guid(ff94b9f241c66bf448ceca2aa99df53f) Importer(815301076,1909f56bfc062723c751e8b465ee728b)  -> (artifact id: '9e56145d3730c45d85d4a31b9945a519') in 0.004396 seconds
  Import took 0.035144 seconds .

========================================================================
Received Prepare
Registering precompiled user dll's ...
Registered in 0.001873 seconds.
Begin MonoManager ReloadAssembly
Native extension for WindowsStandalone target not found
Refreshing native plugins compatible for Editor in 0.91 ms, found 1 plugins.
Preloading 0 native plugins for Editor in 0.00 ms.
Mono: successfully reloaded assembly
- Completed reload, in  2.085 seconds
Platform modules already initialized, skipping
Refreshing native plugins compatible for Editor in 1.73 ms, found 1 plugins.
Preloading 0 native plugins for Editor in 0.00 ms.
Unloading 2023 Unused Serialized files (Serialized files now loaded: 0)
System memory in use before: 97.2 MB.
System memory in use after: 97.2 MB.

Unloading 13 unused Assets to reduce memory usage. Loaded Objects now: 2629.
Total: 4.623500 ms (FindLiveObjects: 0.471700 ms CreateObjectMapping: 0.249900 ms MarkObjects: 3.685600 ms  DeleteObjects: 0.213800 ms)

========================================================================
Received Import Request.
  Time since last request: 224.086800 seconds.
  path: Assets/Prefabs/Pause Canvas.prefab
  artifactKey: Guid(578d87bce20698d49b03307da977df46) Importer(815301076,1909f56bfc062723c751e8b465ee728b)
Start importing Assets/Prefabs/Pause Canvas.prefab using Guid(578d87bce20698d49b03307da977df46) Importer(815301076,1909f56bfc062723c751e8b465ee728b)  -> (artifact id: '4addec7422614b2d6e1238f438f32b2c') in 0.405556 seconds
  Import took 0.430368 seconds .

========================================================================
Received Import Request.
  Time since last request: 24.021531 seconds.
  path: Assets/Scenes/Dungeon.unity
  artifactKey: Guid(5da29f179955ed247b0f2845f7aa592a) Importer(815301076,1909f56bfc062723c751e8b465ee728b)
Start importing Assets/Scenes/Dungeon.unity using Guid(5da29f179955ed247b0f2845f7aa592a) Importer(815301076,1909f56bfc062723c751e8b465ee728b)  -> (artifact id: 'a64542e88f4b0e542cdfad30425f9358') in 0.016253 seconds
  Import took 0.088919 seconds .

========================================================================
Received Import Request.
  Time since last request: 7.938705 seconds.
  path: Assets/Scenes/GameScene.unity
  artifactKey: Guid(2cda990e2423bbf4892e6590ba056729) Importer(815301076,1909f56bfc062723c751e8b465ee728b)
Start importing Assets/Scenes/GameScene.unity using Guid(2cda990e2423bbf4892e6590ba056729) Importer(815301076,1909f56bfc062723c751e8b465ee728b)  -> (artifact id: '333e28d4f3648483f8245d1ea86f6ee4') in 0.002109 seconds
  Import took 0.374009 seconds .

========================================================================
Received Import Request.
  Time since last request: 26.865288 seconds.
  path: Assets/Scenes/HouseInterior.unity
  artifactKey: Guid(71672734df98dad47b7a0d3a87dfcf9e) Importer(815301076,1909f56bfc062723c751e8b465ee728b)
Start importing Assets/Scenes/HouseInterior.unity using Guid(71672734df98dad47b7a0d3a87dfcf9e) Importer(815301076,1909f56bfc062723c751e8b465ee728b)  -> (artifact id: 'ba45797419e9edb9d1d641f9c169a097') in 0.005817 seconds
  Import took 0.107815 seconds .

========================================================================
Received Prepare
Registering precompiled user dll's ...
Registered in 0.001823 seconds.
Begin MonoManager ReloadAssembly
Native extension for WindowsStandalone target not found
Refreshing native plugins compatible for Editor in 0.96 ms, found 1 plugins.
Preloading 0 native plugins for Editor in 0.00 ms.
Mono: successfully reloaded assembly
- Completed reload, in  2.072 seconds
Platform modules already initialized, skipping
Refreshing native plugins compatible for Editor in 1.16 ms, found 1 plugins.
Preloading 0 native plugins for Editor in 0.00 ms.
Unloading 2023 Unused Serialized files (Serialized files now loaded: 0)
System memory in use before: 97.3 MB.
System memory in use after: 97.3 MB.

Unloading 13 unused Assets to reduce memory usage. Loaded Objects now: 2633.
Total: 4.472900 ms (FindLiveObjects: 0.569300 ms CreateObjectMapping: 0.284600 ms MarkObjects: 3.414500 ms  DeleteObjects: 0.201600 ms)

========================================================================
Received Prepare
Registering precompiled user dll's ...
Registered in 0.001782 seconds.
Begin MonoManager ReloadAssembly
Native extension for WindowsStandalone target not found
Refreshing native plugins compatible for Editor in 0.99 ms, found 1 plugins.
Preloading 0 native plugins for Editor in 0.00 ms.
Mono: successfully reloaded assembly
- Completed reload, in  2.059 seconds
Platform modules already initialized, skipping
Refreshing native plugins compatible for Editor in 0.90 ms, found 1 plugins.
Preloading 0 native plugins for Editor in 0.00 ms.
Unloading 2023 Unused Serialized files (Serialized files now loaded: 0)
System memory in use before: 97.3 MB.
System memory in use after: 97.3 MB.

Unloading 13 unused Assets to reduce memory usage. Loaded Objects now: 2637.
Total: 6.754700 ms (FindLiveObjects: 0.830700 ms CreateObjectMapping: 0.342300 ms MarkObjects: 5.378500 ms  DeleteObjects: 0.200000 ms)

========================================================================
Received Import Request.
  Time since last request: 70.171319 seconds.
  path: Assets/Scenes/Dungeon.unity
  artifactKey: Guid(5da29f179955ed247b0f2845f7aa592a) Importer(815301076,1909f56bfc062723c751e8b465ee728b)
Start importing Assets/Scenes/Dungeon.unity using Guid(5da29f179955ed247b0f2845f7aa592a) Importer(815301076,1909f56bfc062723c751e8b465ee728b)  -> (artifact id: '927e211945bb01f8465d1ab0c4544f08') in 0.025739 seconds
  Import took 0.076353 seconds .

========================================================================
Received Import Request.
  Time since last request: 50.375881 seconds.
  path: Assets/Prefabs/Rooms/Room 1.prefab
  artifactKey: Guid(c519ac8478d8fa844a9a71e8501b8577) Importer(815301076,1909f56bfc062723c751e8b465ee728b)
Start importing Assets/Prefabs/Rooms/Room 1.prefab using Guid(c519ac8478d8fa844a9a71e8501b8577) Importer(815301076,1909f56bfc062723c751e8b465ee728b)  -> (artifact id: '0f87c30f2ae544a4bdd3f03525a572c9') in 0.318912 seconds
  Import took 0.352754 seconds .

========================================================================
Received Prepare
Registering precompiled user dll's ...
Registered in 0.001448 seconds.
Begin MonoManager ReloadAssembly
Native extension for WindowsStandalone target not found
Refreshing native plugins compatible for Editor in 0.56 ms, found 1 plugins.
Preloading 0 native plugins for Editor in 0.00 ms.
Mono: successfully reloaded assembly
- Completed reload, in  1.055 seconds
Platform modules already initialized, skipping
Refreshing native plugins compatible for Editor in 0.53 ms, found 1 plugins.
Preloading 0 native plugins for Editor in 0.00 ms.
Unloading 2023 Unused Serialized files (Serialized files now loaded: 0)
System memory in use before: 97.4 MB.
System memory in use after: 97.4 MB.

Unloading 13 unused Assets to reduce memory usage. Loaded Objects now: 2642.
Total: 2.423800 ms (FindLiveObjects: 0.266500 ms CreateObjectMapping: 0.095500 ms MarkObjects: 1.948800 ms  DeleteObjects: 0.112100 ms)

========================================================================
Received Prepare
Registering precompiled user dll's ...
Registered in 0.001058 seconds.
Begin MonoManager ReloadAssembly
Native extension for WindowsStandalone target not found
Refreshing native plugins compatible for Editor in 1.33 ms, found 1 plugins.
Preloading 0 native plugins for Editor in 0.00 ms.
Mono: successfully reloaded assembly
- Completed reload, in  1.831 seconds
Platform modules already initialized, skipping
Refreshing native plugins compatible for Editor in 0.66 ms, found 1 plugins.
Preloading 0 native plugins for Editor in 0.00 ms.
Unloading 2023 Unused Serialized files (Serialized files now loaded: 0)
System memory in use before: 97.4 MB.
System memory in use after: 97.4 MB.

Unloading 13 unused Assets to reduce memory usage. Loaded Objects now: 2646.
Total: 4.311000 ms (FindLiveObjects: 0.408400 ms CreateObjectMapping: 0.191600 ms MarkObjects: 3.339000 ms  DeleteObjects: 0.369800 ms)

========================================================================
Received Import Request.
  Time since last request: 815.339235 seconds.
  path: Assets/Scenes/HouseInterior.unity
  artifactKey: Guid(71672734df98dad47b7a0d3a87dfcf9e) Importer(815301076,1909f56bfc062723c751e8b465ee728b)
Start importing Assets/Scenes/HouseInterior.unity using Guid(71672734df98dad47b7a0d3a87dfcf9e) Importer(815301076,1909f56bfc062723c751e8b465ee728b)  -> (artifact id: '3fa99f23245a1f66fa340e35042a350d') in 0.027636 seconds
  Import took 0.138268 seconds .

========================================================================
Received Prepare
Registering precompiled user dll's ...
Registered in 0.000960 seconds.
Begin MonoManager ReloadAssembly
Native extension for WindowsStandalone target not found
Refreshing native plugins compatible for Editor in 0.53 ms, found 1 plugins.
Preloading 0 native plugins for Editor in 0.00 ms.
Mono: successfully reloaded assembly
- Completed reload, in  1.002 seconds
Platform modules already initialized, skipping
Refreshing native plugins compatible for Editor in 0.51 ms, found 1 plugins.
Preloading 0 native plugins for Editor in 0.00 ms.
Unloading 2023 Unused Serialized files (Serialized files now loaded: 0)
System memory in use before: 97.4 MB.
System memory in use after: 97.4 MB.

Unloading 13 unused Assets to reduce memory usage. Loaded Objects now: 2650.
Total: 2.510600 ms (FindLiveObjects: 0.327300 ms CreateObjectMapping: 0.109800 ms MarkObjects: 1.959400 ms  DeleteObjects: 0.111200 ms)

========================================================================
Received Prepare
Registering precompiled user dll's ...
Registered in 0.038200 seconds.
Begin MonoManager ReloadAssembly
Native extension for WindowsStandalone target not found
Refreshing native plugins compatible for Editor in 0.52 ms, found 1 plugins.
Preloading 0 native plugins for Editor in 0.00 ms.
Mono: successfully reloaded assembly
- Completed reload, in  2.432 seconds
Platform modules already initialized, skipping
Refreshing native plugins compatible for Editor in 0.57 ms, found 1 plugins.
Preloading 0 native plugins for Editor in 0.00 ms.
Unloading 2023 Unused Serialized files (Serialized files now loaded: 0)
System memory in use before: 97.4 MB.
System memory in use after: 97.4 MB.

Unloading 13 unused Assets to reduce memory usage. Loaded Objects now: 2654.
Total: 2.507000 ms (FindLiveObjects: 0.243600 ms CreateObjectMapping: 0.103100 ms MarkObjects: 2.040600 ms  DeleteObjects: 0.118200 ms)

AssetImportWorkerClient::OnTransportError - code=2 error=End of file
